<?xml version="1.0" encoding="UTF-8"?>
<testng-results skipped="0" failed="0" ignored="0" total="1" passed="1">
  <reporter-output>
  </reporter-output>
  <suite name="Default suite" duration-ms="15341" started-at="2024-09-06T05:43:38Z" finished-at="2024-09-06T05:43:54Z">
    <groups>
    </groups>
    <test name="Default test" duration-ms="15341" started-at="2024-09-06T05:43:38Z" finished-at="2024-09-06T05:43:54Z">
      <class name="InterviewCoding.Selenium_Basic">
        <test-method status="PASS" signature="beforesetup()[pri:0, instance:InterviewCoding.Selenium_Basic@49993335]" name="beforesetup" is-config="true" duration-ms="9440" started-at="2024-09-06T11:13:38Z" finished-at="2024-09-06T11:13:48Z">
          <reporter-output>
          </reporter-output>
        </test-method> <!-- beforesetup -->
        <test-method status="PASS" signature="setup()[pri:1, instance:InterviewCoding.Selenium_Basic@49993335]" name="setup" duration-ms="5814" started-at="2024-09-06T11:13:48Z" finished-at="2024-09-06T11:13:54Z">
          <reporter-output>
          </reporter-output>
        </test-method> <!-- setup -->
      </class> <!-- InterviewCoding.Selenium_Basic -->
    </test> <!-- Default test -->
  </suite> <!-- Default suite -->
</testng-results>
